<?xml version="1.0" encoding="UTF-8" ?>
<testsuite errors="1" failures="0" hostname="QwErTyUiOp" name="com.fastsql.sql.select.test.SqlSimpleSelectObjectTest" tests="1" time="0.0090" timestamp="2012-05-29T00:02:30">
  <properties>
    <property name="java.vendor" value="Sun Microsystems Inc." />
    <property name="sun.java.launcher" value="SUN_STANDARD" />
    <property name="eclipse.pdebuild.templates" value="/H:/GUILHERME/SOFTWARE/ECLIPSE/eclipse/plugins/org.eclipse.pde.build_3.7.0.v20110512-1320/templates/" />
    <property name="ant.file.type.FastSqlDsl" value="file" />
    <property name="sun.management.compiler" value="HotSpot Client Compiler" />
    <property name="dist" value="H:\GUILHERME\PROJETOS\MY_GIT\fastsqldsl\dist" />
    <property name="os.name" value="Windows 7" />
    <property name="sun.boot.class.path" value="C:\Program Files (x86)\Java\jdk1.6.0_27\jre\lib\resources.jar;C:\Program Files (x86)\Java\jdk1.6.0_27\jre\lib\rt.jar;C:\Program Files (x86)\Java\jdk1.6.0_27\jre\lib\sunrsasign.jar;C:\Program Files (x86)\Java\jdk1.6.0_27\jre\lib\jsse.jar;C:\Program Files (x86)\Java\jdk1.6.0_27\jre\lib\jce.jar;C:\Program Files (x86)\Java\jdk1.6.0_27\jre\lib\charsets.jar;C:\Program Files (x86)\Java\jdk1.6.0_27\jre\lib\modules\jdk.boot.jar;C:\Program Files (x86)\Java\jdk1.6.0_27\jre\classes" />
    <property name="TODAY" value="May 28 2012" />
    <property name="sun.desktop" value="windows" />
    <property name="java.vm.specification.vendor" value="Sun Microsystems Inc." />
    <property name="ant.home" value="H:\GUILHERME\SOFTWARE\ECLIPSE\eclipse\plugins\org.apache.ant_1.8.2.v20110505-1300" />
    <property name="java.runtime.version" value="1.6.0_27-b07" />
    <property name="reports.tests" value="reports" />
    <property name="user.name" value="Guilherme" />
    <property name="user.language" value="pt" />
    <property name="build" value="H:\GUILHERME\PROJETOS\MY_GIT\fastsqldsl\target" />
    <property name="sun.boot.library.path" value="C:\Program Files (x86)\Java\jdk1.6.0_27\jre\bin" />
    <property name="ant.project.default-target" value="dist" />
    <property name="ant.project.name" value="FastSqlDsl" />
    <property name="DSTAMP" value="20120528" />
    <property name="java.version" value="1.6.0_27" />
    <property name="user.timezone" value="" />
    <property name="sun.arch.data.model" value="32" />
    <property name="java.endorsed.dirs" value="C:\Program Files (x86)\Java\jdk1.6.0_27\jre\lib\endorsed" />
    <property name="sun.cpu.isalist" value="pentium_pro+mmx pentium_pro pentium+mmx pentium i486 i386 i86" />
    <property name="sun.jnu.encoding" value="Cp1252" />
    <property name="file.encoding.pkg" value="sun.io" />
    <property name="file.separator" value="\" />
    <property name="java.specification.name" value="Java Platform API Specification" />
    <property name="java.class.version" value="50.0" />
    <property name="src" value="H:\GUILHERME\PROJETOS\MY_GIT\fastsqldsl\src" />
    <property name="user.country" value="BR" />
    <property name="java.home" value="C:\Program Files (x86)\Java\jdk1.6.0_27\jre" />
    <property name="java.vm.info" value="mixed mode, sharing" />
    <property name="ant.file" value="H:\GUILHERME\PROJETOS\MY_GIT\fastsqldsl\build\build.xml" />
    <property name="os.version" value="6.1" />
    <property name="path.separator" value=";" />
    <property name="java.vm.version" value="20.2-b06" />
    <property name="user.variant" value="" />
    <property name="ant.library.dir" value="H:\GUILHERME\SOFTWARE\ECLIPSE\eclipse\plugins\org.apache.ant_1.8.2.v20110505-1300\lib" />
    <property name="java.awt.printerjob" value="sun.awt.windows.WPrinterJob" />
    <property name="sun.io.unicode.encoding" value="UnicodeLittle" />
    <property name="awt.toolkit" value="sun.awt.windows.WToolkit" />
    <property name="eclipse.pdebuild.scripts" value="/H:/GUILHERME/SOFTWARE/ECLIPSE/eclipse/plugins/org.eclipse.pde.build_3.7.0.v20110512-1320/scripts/" />
    <property name="user.home" value="C:\Users\Guilherme" />
    <property name="java.specification.vendor" value="Sun Microsystems Inc." />
    <property name="test" value="H:\GUILHERME\PROJETOS\MY_GIT\fastsqldsl\test" />
    <property name="java.library.path" value="C:\Windows\system32;C:\Windows\Sun\Java\bin;C:\Windows\system32;C:\Windows;C:\Program Files\Common Files\Microsoft Shared\Windows Live;C:\Program Files (x86)\Common Files\Microsoft Shared\Windows Live;C:\Program Files\Documentum\Shared;c:\ruby\bin;C:\oracle\product\10.2.0\client_1;C:\Windows\system32;C:\Windows;C:\Windows\System32\Wbem;C:\Windows\System32\WindowsPowerShell\v1.0\;C:\Program Files\WIDCOMM\Bluetooth Software\;C:\Program Files\WIDCOMM\Bluetooth Software\syswow64;C:\Program Files\TortoiseSVN\bin;C:\projetos\ROTABR\apache-maven-3.0.4-bin\apache-maven-3.0.4\bin;C:\grails\grails-1.3.6\bin;C:\Program Files\SlikSvn\bin\;C:\Program Files (x86)\Windows Live\Shared;C:\Program Files\TortoiseGit\bin;.;H:\GUILHERME\SOFTWARE\ECLIPSE\eclipse\configuration\org.eclipse.osgi\bundles\589\1\.cp" />
    <property name="java.vendor.url" value="http://java.sun.com/" />
    <property name="java.vm.vendor" value="Sun Microsystems Inc." />
    <property name="java.runtime.name" value="Java(TM) SE Runtime Environment" />
    <property name="sun.java.command" value="org.eclipse.ant.internal.launching.remote.InternalAntRunner -Dorg.eclipse.ant.core.ANT_PROCESS_ID=1338249746504 -Declipse.connect.port=58002 -Declipse.pdebuild.home=/H:/GUILHERME/SOFTWARE/ECLIPSE/eclipse/plugins/org.eclipse.pde.build_3.7.0.v20110512-1320/./ -Declipse.pdebuild.scripts=/H:/GUILHERME/SOFTWARE/ECLIPSE/eclipse/plugins/org.eclipse.pde.build_3.7.0.v20110512-1320/scripts/ -Declipse.pdebuild.templates=/H:/GUILHERME/SOFTWARE/ECLIPSE/eclipse/plugins/org.eclipse.pde.build_3.7.0.v20110512-1320/templates/ -Dant.home=H:\GUILHERME\SOFTWARE\ECLIPSE\eclipse\plugins\org.apache.ant_1.8.2.v20110505-1300 -logger org.eclipse.ant.internal.launching.remote.logger.RemoteAntBuildLogger -inputhandler org.eclipse.ant.internal.ui.antsupport.inputhandler.ProxyInputHandler -buildfile H:\GUILHERME\PROJETOS\MY_GIT\fastsqldsl\build\build.xml" />
    <property name="java.class.path" value="H:\GUILHERME\SOFTWARE\ECLIPSE\eclipse\plugins\org.apache.ant_1.8.2.v20110505-1300\lib\ant-antlr.jar;H:\GUILHERME\SOFTWARE\ECLIPSE\eclipse\plugins\org.apache.ant_1.8.2.v20110505-1300\lib\ant-apache-bcel.jar;H:\GUILHERME\SOFTWARE\ECLIPSE\eclipse\plugins\org.apache.ant_1.8.2.v20110505-1300\lib\ant-apache-bsf.jar;H:\GUILHERME\SOFTWARE\ECLIPSE\eclipse\plugins\org.apache.ant_1.8.2.v20110505-1300\lib\ant-apache-log4j.jar;H:\GUILHERME\SOFTWARE\ECLIPSE\eclipse\plugins\org.apache.ant_1.8.2.v20110505-1300\lib\ant-apache-oro.jar;H:\GUILHERME\SOFTWARE\ECLIPSE\eclipse\plugins\org.apache.ant_1.8.2.v20110505-1300\lib\ant-apache-regexp.jar;H:\GUILHERME\SOFTWARE\ECLIPSE\eclipse\plugins\org.apache.ant_1.8.2.v20110505-1300\lib\ant-apache-resolver.jar;H:\GUILHERME\SOFTWARE\ECLIPSE\eclipse\plugins\org.apache.ant_1.8.2.v20110505-1300\lib\ant-apache-xalan2.jar;H:\GUILHERME\SOFTWARE\ECLIPSE\eclipse\plugins\org.apache.ant_1.8.2.v20110505-1300\lib\ant-commons-logging.jar;H:\GUILHERME\SOFTWARE\ECLIPSE\eclipse\plugins\org.apache.ant_1.8.2.v20110505-1300\lib\ant-commons-net.jar;H:\GUILHERME\SOFTWARE\ECLIPSE\eclipse\plugins\org.apache.ant_1.8.2.v20110505-1300\lib\ant-jai.jar;H:\GUILHERME\SOFTWARE\ECLIPSE\eclipse\plugins\org.apache.ant_1.8.2.v20110505-1300\lib\ant-javamail.jar;H:\GUILHERME\SOFTWARE\ECLIPSE\eclipse\plugins\org.apache.ant_1.8.2.v20110505-1300\lib\ant-jdepend.jar;H:\GUILHERME\SOFTWARE\ECLIPSE\eclipse\plugins\org.apache.ant_1.8.2.v20110505-1300\lib\ant-jmf.jar;H:\GUILHERME\SOFTWARE\ECLIPSE\eclipse\plugins\org.apache.ant_1.8.2.v20110505-1300\lib\ant-jsch.jar;H:\GUILHERME\SOFTWARE\ECLIPSE\eclipse\plugins\org.apache.ant_1.8.2.v20110505-1300\lib\ant-junit.jar;H:\GUILHERME\SOFTWARE\ECLIPSE\eclipse\plugins\org.apache.ant_1.8.2.v20110505-1300\lib\ant-junit4.jar;H:\GUILHERME\SOFTWARE\ECLIPSE\eclipse\plugins\org.apache.ant_1.8.2.v20110505-1300\lib\ant-launcher.jar;H:\GUILHERME\SOFTWARE\ECLIPSE\eclipse\plugins\org.apache.ant_1.8.2.v20110505-1300\lib\ant-netrexx.jar;H:\GUILHERME\SOFTWARE\ECLIPSE\eclipse\plugins\org.apache.ant_1.8.2.v20110505-1300\lib\ant-swing.jar;H:\GUILHERME\SOFTWARE\ECLIPSE\eclipse\plugins\org.apache.ant_1.8.2.v20110505-1300\lib\ant-testutil.jar;H:\GUILHERME\SOFTWARE\ECLIPSE\eclipse\plugins\org.apache.ant_1.8.2.v20110505-1300\lib\ant.jar;H:\GUILHERME\SOFTWARE\ECLIPSE\eclipse\configuration\org.eclipse.osgi\bundles\50\1\.cp\lib\antdebug.jar;H:\GUILHERME\SOFTWARE\ECLIPSE\eclipse\configuration\org.eclipse.osgi\bundles\50\1\.cp\lib\remote.jar;H:\GUILHERME\SOFTWARE\ECLIPSE\eclipse\configuration\org.eclipse.osgi\bundles\51\1\.cp\lib\remoteAnt.jar;C:\Program Files (x86)\Java\jdk1.6.0_27\lib\tools.jar;H:\GUILHERME\SOFTWARE\ECLIPSE\eclipse\plugins\org.eclipse.swt.win32.win32.x86_64_3.7.0.v3735b.jar" />
    <property name="ant.version" value="Apache Ant(TM) version 1.8.2 compiled on December 20 2010" />
    <property name="TSTAMP" value="2102" />
    <property name="java.vm.specification.name" value="Java Virtual Machine Specification" />
    <property name="java.vm.specification.version" value="1.0" />
    <property name="sun.cpu.endian" value="little" />
    <property name="sun.os.patch.level" value="" />
    <property name="eclipse.pdebuild.home" value="/H:/GUILHERME/SOFTWARE/ECLIPSE/eclipse/plugins/org.eclipse.pde.build_3.7.0.v20110512-1320/./" />
    <property name="java.io.tmpdir" value="C:\Users\GUILHE~1\AppData\Local\Temp\" />
    <property name="java.vendor.url.bug" value="http://java.sun.com/cgi-bin/bugreport.cgi" />
    <property name="os.arch" value="x86" />
    <property name="java.awt.graphicsenv" value="sun.awt.Win32GraphicsEnvironment" />
    <property name="java.ext.dirs" value="C:\Program Files (x86)\Java\jdk1.6.0_27\jre\lib\ext;C:\Windows\Sun\Java\lib\ext" />
    <property name="user.dir" value="H:\GUILHERME\PROJETOS\MY_GIT\fastsqldsl\build" />
    <property name="line.separator" value="&#xd;&#xa;" />
    <property name="java.vm.name" value="Java HotSpot(TM) Client VM" />
    <property name="basedir" value="H:\GUILHERME\PROJETOS\MY_GIT\fastsqldsl" />
    <property name="ant.java.version" value="1.6" />
    <property name="ant.core.lib" value="H:\GUILHERME\SOFTWARE\ECLIPSE\eclipse\plugins\org.apache.ant_1.8.2.v20110505-1300\lib\ant.jar" />
    <property name="jar.name" value="FastSqlDsl.jar" />
    <property name="file.encoding" value="Cp1252" />
    <property name="application.location" value="C:UsersGuilhermeDocumentsJavaProjetosNAOVOTENELENova pastacomofuncionatiwarWEB-INFlib" />
    <property name="java.specification.version" value="1.6" />
    <property name="ant.project.invoked-targets" value="dist" />
    <property name="ant.file.FastSqlDsl" value="H:\GUILHERME\PROJETOS\MY_GIT\fastsqldsl\build\build.xml" />
  </properties>
  <testcase classname="com.fastsql.sql.select.test.SqlSimpleSelectObjectTest" name="test" time="0.0040">
    <error type="java.lang.NullPointerException">java.lang.NullPointerException
	at com.fastsql.sql.select.test.SqlSimpleSelectObjectTest.test(Unknown Source)
	at org.eclipse.ant.internal.launching.remote.EclipseDefaultExecutor.executeTargets(EclipseDefaultExecutor.java:32)
	at org.eclipse.ant.internal.launching.remote.InternalAntRunner.run(InternalAntRunner.java:424)
	at org.eclipse.ant.internal.launching.remote.InternalAntRunner.main(InternalAntRunner.java:138)
</error>
  </testcase>
  <system-out><![CDATA[Instanciando GoogleMySql:  SELECT idmenu, label, link, status, tipo, pai FROM menu
]]></system-out>
  <system-err><![CDATA[java.sql.SQLSyntaxErrorException: user lacks privilege or object not found: MENU
	at org.hsqldb.jdbc.Util.sqlException(Unknown Source)
	at org.hsqldb.jdbc.Util.sqlException(Unknown Source)
	at org.hsqldb.jdbc.JDBCPreparedStatement.<init>(Unknown Source)
	at org.hsqldb.jdbc.JDBCConnection.prepareStatement(Unknown Source)
	at com.fastsql.sql.util.HsqlDB.select(Unknown Source)
	at com.fastsql.sql.command.result.mode.HsqlDBResultMode.getResult(Unknown Source)
	at com.fastsql.sql.command.select.SelectImpl.execute(Unknown Source)
	at com.fastsql.sql.command.select.SelectImpl.execute(Unknown Source)
	at com.fastsql.sql.select.test.SqlSimpleSelectObjectTest.test(Unknown Source)
	at sun.reflect.NativeMethodAccessorImpl.invoke0(Native Method)
	at sun.reflect.NativeMethodAccessorImpl.invoke(NativeMethodAccessorImpl.java:39)
	at sun.reflect.DelegatingMethodAccessorImpl.invoke(DelegatingMethodAccessorImpl.java:25)
	at java.lang.reflect.Method.invoke(Method.java:597)
	at org.junit.runners.model.FrameworkMethod$1.runReflectiveCall(FrameworkMethod.java:45)
	at org.junit.internal.runners.model.ReflectiveCallable.run(ReflectiveCallable.java:15)
	at org.junit.runners.model.FrameworkMethod.invokeExplosively(FrameworkMethod.java:42)
	at org.junit.internal.runners.statements.InvokeMethod.evaluate(InvokeMethod.java:20)
	at org.junit.runners.ParentRunner.runLeaf(ParentRunner.java:263)
	at org.junit.runners.BlockJUnit4ClassRunner.runChild(BlockJUnit4ClassRunner.java:68)
	at org.junit.runners.BlockJUnit4ClassRunner.runChild(BlockJUnit4ClassRunner.java:47)
	at org.junit.runners.ParentRunner$3.run(ParentRunner.java:231)
	at org.junit.runners.ParentRunner$1.schedule(ParentRunner.java:60)
	at org.junit.runners.ParentRunner.runChildren(ParentRunner.java:229)
	at org.junit.runners.ParentRunner.access$000(ParentRunner.java:50)
	at org.junit.runners.ParentRunner$2.evaluate(ParentRunner.java:222)
	at org.junit.internal.runners.statements.RunBefores.evaluate(RunBefores.java:28)
	at org.junit.internal.runners.statements.RunAfters.evaluate(RunAfters.java:30)
	at org.junit.runners.ParentRunner.run(ParentRunner.java:300)
	at junit.framework.JUnit4TestAdapter.run(JUnit4TestAdapter.java:39)
	at org.apache.tools.ant.taskdefs.optional.junit.JUnitTestRunner.run(JUnitTestRunner.java:518)
	at org.apache.tools.ant.taskdefs.optional.junit.JUnitTask.executeInVM(JUnitTask.java:1420)
	at org.apache.tools.ant.taskdefs.optional.junit.JUnitTask.execute(JUnitTask.java:848)
	at org.apache.tools.ant.taskdefs.optional.junit.JUnitTask.executeOrQueue(JUnitTask.java:1899)
	at org.apache.tools.ant.taskdefs.optional.junit.JUnitTask.execute(JUnitTask.java:800)
	at org.apache.tools.ant.UnknownElement.execute(UnknownElement.java:291)
	at sun.reflect.GeneratedMethodAccessor4.invoke(Unknown Source)
	at sun.reflect.DelegatingMethodAccessorImpl.invoke(DelegatingMethodAccessorImpl.java:25)
	at java.lang.reflect.Method.invoke(Method.java:597)
	at org.apache.tools.ant.dispatch.DispatchUtils.execute(DispatchUtils.java:106)
	at org.apache.tools.ant.Task.perform(Task.java:348)
	at org.apache.tools.ant.Target.execute(Target.java:390)
	at org.apache.tools.ant.Target.performTasks(Target.java:411)
	at org.apache.tools.ant.Project.executeSortedTargets(Project.java:1399)
	at org.apache.tools.ant.Project.executeTarget(Project.java:1368)
	at org.apache.tools.ant.helper.DefaultExecutor.executeTargets(DefaultExecutor.java:41)
	at org.eclipse.ant.internal.launching.remote.EclipseDefaultExecutor.executeTargets(EclipseDefaultExecutor.java:32)
	at org.apache.tools.ant.Project.executeTargets(Project.java:1251)
	at org.eclipse.ant.internal.launching.remote.InternalAntRunner.run(InternalAntRunner.java:424)
	at org.eclipse.ant.internal.launching.remote.InternalAntRunner.main(InternalAntRunner.java:138)
Caused by: org.hsqldb.HsqlException: user lacks privilege or object not found: MENU
	at org.hsqldb.error.Error.error(Unknown Source)
	at org.hsqldb.error.Error.error(Unknown Source)
	at org.hsqldb.SchemaManager.getTable(Unknown Source)
	at org.hsqldb.ParserDQL.readTableName(Unknown Source)
	at org.hsqldb.ParserDQL.readTableOrSubquery(Unknown Source)
	at org.hsqldb.ParserDQL.XreadTableReference(Unknown Source)
	at org.hsqldb.ParserDQL.XreadFromClause(Unknown Source)
	at org.hsqldb.ParserDQL.XreadTableExpression(Unknown Source)
	at org.hsqldb.ParserDQL.XreadQuerySpecification(Unknown Source)
	at org.hsqldb.ParserDQL.XreadSimpleTable(Unknown Source)
	at org.hsqldb.ParserDQL.XreadQueryPrimary(Unknown Source)
	at org.hsqldb.ParserDQL.XreadQueryTerm(Unknown Source)
	at org.hsqldb.ParserDQL.XreadQueryExpressionBody(Unknown Source)
	at org.hsqldb.ParserDQL.XreadQueryExpression(Unknown Source)
	at org.hsqldb.ParserDQL.compileCursorSpecification(Unknown Source)
	at org.hsqldb.ParserCommand.compilePart(Unknown Source)
	at org.hsqldb.ParserCommand.compileStatement(Unknown Source)
	at org.hsqldb.Session.compileStatement(Unknown Source)
	at org.hsqldb.StatementManager.compile(Unknown Source)
	at org.hsqldb.Session.execute(Unknown Source)
	... 47 more
]]></system-err>
</testsuite>
